<?xml version="1.0" encoding="UTF-8"?>
<!-- Generated by org.testng.reporters.JUnitXMLReporter -->
<testsuite ignored="0" hostname="TYSS-Pavan-Kumar-M" failures="0" tests="16" name="Test" time="11.719" errors="0" timestamp="2024-04-05T11:22:01 IST">
  <testcase classname="com.TestNG.WorkingWithTestNG" name="cart" time="0.009"/>
  <testcase classname="com.TestNG.WorkingWithTestNG" name="cart" time="0.001"/>
  <testcase classname="com.TestNG.WorkingWithTestNG" name="cart" time="0.001"/>
  <testcase classname="com.TestNG.WorkingWithTestNG" name="order" time="0.002"/>
  <testcase classname="com.TestNG.WorkingWithTestNG" name="order" time="0.002"/>
  <testcase classname="com.TestNG.WorkingWithTestNG" name="order" time="0.002"/>
  <testcase classname="com.TestNG.WorkingWithTestNG" name="wishList" time="0.002"/>
  <testcase classname="com.TestNG.WorkingWithTestNG" name="login" time="0.0"/>
  <testcase classname="com.TestNG.WorkingWithTestNG" name="search" time="0.0"/>
  <testcase classname="com.TestNG.To_Launch_OrangeHRM" name="launch" time="9.168"/>
  <testcase classname="com.TestNG.To_Launch_LVMH" name="launch" time="9.209"/>
  <testcase classname="com.TestNG.To_Launch_LorealParis" name="launch" time="9.319"/>
  <testcase classname="com.TestNG.To_Launch_Benz" name="launch" time="9.36"/>
  <testcase classname="com.TestNG.To_Launch_Myntra" name="launch" time="9.507"/>
  <testcase classname="com.TestNG.To_Launch_Shoppersstack" name="launch" time="11.337"/>
  <testcase classname="com.TestNG.To_Launch_AmazonPrime" name="launch" time="11.687"/>
</testsuite> <!-- Test -->
